
*** Running vivado
    with args -log testbench.vdi -applog -m64 -product Vivado -messageDb vivado.pb -mode batch -source testbench.tcl -notrace



****** Vivado v2022.2 (64-bit)
  **** SW Build 3671981 on Fri Oct 14 05:00:03 MDT 2022
  **** IP Build 3669848 on Fri Oct 14 08:30:02 MDT 2022
    ** Copyright 1986-2022 Xilinx, Inc. All Rights Reserved.

source testbench.tcl -notrace
create_project: Time (s): cpu = 00:00:02 ; elapsed = 00:00:06 . Memory (MB): peak = 419.121 ; gain = 87.223
Command: link_design -top testbench -part xc7a35tcpg236-1
Design is defaulting to srcset: sources_1
Design is defaulting to constrset: constrs_1
INFO: [Device 21-403] Loading part xc7a35tcpg236-1
Netlist sorting complete. Time (s): cpu = 00:00:00 ; elapsed = 00:00:00 . Memory (MB): peak = 820.094 ; gain = 0.000
INFO: [Project 1-479] Netlist was created with Vivado 2022.2
INFO: [Project 1-570] Preparing netlist for logic optimization
Parsing XDC File [C:/Users/ethan/Documents/Vivado Projects/CPE333_OTTER_EXPORT/CPE333_OTTER_EXPORT.srcs/constrs_1/imports/OTTER-multicyle-1-cycle-memory/Basys3_constraints-1.xdc]
WARNING: [Vivado 12-584] No ports matched 'CLK'. [C:/Users/ethan/Documents/Vivado Projects/CPE333_OTTER_EXPORT/CPE333_OTTER_EXPORT.srcs/constrs_1/imports/OTTER-multicyle-1-cycle-memory/Basys3_constraints-1.xdc:7]
CRITICAL WARNING: [Common 17-55] 'set_property' expects at least one object. [C:/Users/ethan/Documents/Vivado Projects/CPE333_OTTER_EXPORT/CPE333_OTTER_EXPORT.srcs/constrs_1/imports/OTTER-multicyle-1-cycle-memory/Basys3_constraints-1.xdc:7]
Resolution: If [get_<value>] was used to populate the object, check to make sure this command returns at least one valid object.
WARNING: [Vivado 12-584] No ports matched 'CLK'. [C:/Users/ethan/Documents/Vivado Projects/CPE333_OTTER_EXPORT/CPE333_OTTER_EXPORT.srcs/constrs_1/imports/OTTER-multicyle-1-cycle-memory/Basys3_constraints-1.xdc:8]
CRITICAL WARNING: [Common 17-55] 'set_property' expects at least one object. [C:/Users/ethan/Documents/Vivado Projects/CPE333_OTTER_EXPORT/CPE333_OTTER_EXPORT.srcs/constrs_1/imports/OTTER-multicyle-1-cycle-memory/Basys3_constraints-1.xdc:8]
Resolution: If [get_<value>] was used to populate the object, check to make sure this command returns at least one valid object.
WARNING: [Vivado 12-584] No ports matched 'CLK'. [C:/Users/ethan/Documents/Vivado Projects/CPE333_OTTER_EXPORT/CPE333_OTTER_EXPORT.srcs/constrs_1/imports/OTTER-multicyle-1-cycle-memory/Basys3_constraints-1.xdc:9]
CRITICAL WARNING: [Vivado 12-4739] create_clock:No valid object(s) found for '-objects [get_ports CLK]'. [C:/Users/ethan/Documents/Vivado Projects/CPE333_OTTER_EXPORT/CPE333_OTTER_EXPORT.srcs/constrs_1/imports/OTTER-multicyle-1-cycle-memory/Basys3_constraints-1.xdc:9]
Resolution: Check if the specified object(s) exists in the current design. If it does, ensure that the correct design hierarchy was specified for the object. If you are working with clocks, make sure create_clock was used to create the clock object before it is referenced.
WARNING: [Vivado 12-584] No ports matched 'SWITCHES[0]'. [C:/Users/ethan/Documents/Vivado Projects/CPE333_OTTER_EXPORT/CPE333_OTTER_EXPORT.srcs/constrs_1/imports/OTTER-multicyle-1-cycle-memory/Basys3_constraints-1.xdc:12]
CRITICAL WARNING: [Common 17-55] 'set_property' expects at least one object. [C:/Users/ethan/Documents/Vivado Projects/CPE333_OTTER_EXPORT/CPE333_OTTER_EXPORT.srcs/constrs_1/imports/OTTER-multicyle-1-cycle-memory/Basys3_constraints-1.xdc:12]
Resolution: If [get_<value>] was used to populate the object, check to make sure this command returns at least one valid object.
WARNING: [Vivado 12-584] No ports matched 'SWITCHES[0]'. [C:/Users/ethan/Documents/Vivado Projects/CPE333_OTTER_EXPORT/CPE333_OTTER_EXPORT.srcs/constrs_1/imports/OTTER-multicyle-1-cycle-memory/Basys3_constraints-1.xdc:13]
CRITICAL WARNING: [Common 17-55] 'set_property' expects at least one object. [C:/Users/ethan/Documents/Vivado Projects/CPE333_OTTER_EXPORT/CPE333_OTTER_EXPORT.srcs/constrs_1/imports/OTTER-multicyle-1-cycle-memory/Basys3_constraints-1.xdc:13]
Resolution: If [get_<value>] was used to populate the object, check to make sure this command returns at least one valid object.
WARNING: [Vivado 12-584] No ports matched 'SWITCHES[1]'. [C:/Users/ethan/Documents/Vivado Projects/CPE333_OTTER_EXPORT/CPE333_OTTER_EXPORT.srcs/constrs_1/imports/OTTER-multicyle-1-cycle-memory/Basys3_constraints-1.xdc:14]
CRITICAL WARNING: [Common 17-55] 'set_property' expects at least one object. [C:/Users/ethan/Documents/Vivado Projects/CPE333_OTTER_EXPORT/CPE333_OTTER_EXPORT.srcs/constrs_1/imports/OTTER-multicyle-1-cycle-memory/Basys3_constraints-1.xdc:14]
Resolution: If [get_<value>] was used to populate the object, check to make sure this command returns at least one valid object.
WARNING: [Vivado 12-584] No ports matched 'SWITCHES[1]'. [C:/Users/ethan/Documents/Vivado Projects/CPE333_OTTER_EXPORT/CPE333_OTTER_EXPORT.srcs/constrs_1/imports/OTTER-multicyle-1-cycle-memory/Basys3_constraints-1.xdc:15]
CRITICAL WARNING: [Common 17-55] 'set_property' expects at least one object. [C:/Users/ethan/Documents/Vivado Projects/CPE333_OTTER_EXPORT/CPE333_OTTER_EXPORT.srcs/constrs_1/imports/OTTER-multicyle-1-cycle-memory/Basys3_constraints-1.xdc:15]
Resolution: If [get_<value>] was used to populate the object, check to make sure this command returns at least one valid object.
WARNING: [Vivado 12-584] No ports matched 'SWITCHES[2]'. [C:/Users/ethan/Documents/Vivado Projects/CPE333_OTTER_EXPORT/CPE333_OTTER_EXPORT.srcs/constrs_1/imports/OTTER-multicyle-1-cycle-memory/Basys3_constraints-1.xdc:16]
CRITICAL WARNING: [Common 17-55] 'set_property' expects at least one object. [C:/Users/ethan/Documents/Vivado Projects/CPE333_OTTER_EXPORT/CPE333_OTTER_EXPORT.srcs/constrs_1/imports/OTTER-multicyle-1-cycle-memory/Basys3_constraints-1.xdc:16]
Resolution: If [get_<value>] was used to populate the object, check to make sure this command returns at least one valid object.
WARNING: [Vivado 12-584] No ports matched 'SWITCHES[2]'. [C:/Users/ethan/Documents/Vivado Projects/CPE333_OTTER_EXPORT/CPE333_OTTER_EXPORT.srcs/constrs_1/imports/OTTER-multicyle-1-cycle-memory/Basys3_constraints-1.xdc:17]
CRITICAL WARNING: [Common 17-55] 'set_property' expects at least one object. [C:/Users/ethan/Documents/Vivado Projects/CPE333_OTTER_EXPORT/CPE333_OTTER_EXPORT.srcs/constrs_1/imports/OTTER-multicyle-1-cycle-memory/Basys3_constraints-1.xdc:17]
Resolution: If [get_<value>] was used to populate the object, check to make sure this command returns at least one valid object.
WARNING: [Vivado 12-584] No ports matched 'SWITCHES[3]'. [C:/Users/ethan/Documents/Vivado Projects/CPE333_OTTER_EXPORT/CPE333_OTTER_EXPORT.srcs/constrs_1/imports/OTTER-multicyle-1-cycle-memory/Basys3_constraints-1.xdc:18]
CRITICAL WARNING: [Common 17-55] 'set_property' expects at least one object. [C:/Users/ethan/Documents/Vivado Projects/CPE333_OTTER_EXPORT/CPE333_OTTER_EXPORT.srcs/constrs_1/imports/OTTER-multicyle-1-cycle-memory/Basys3_constraints-1.xdc:18]
Resolution: If [get_<value>] was used to populate the object, check to make sure this command returns at least one valid object.
WARNING: [Vivado 12-584] No ports matched 'SWITCHES[3]'. [C:/Users/ethan/Documents/Vivado Projects/CPE333_OTTER_EXPORT/CPE333_OTTER_EXPORT.srcs/constrs_1/imports/OTTER-multicyle-1-cycle-memory/Basys3_constraints-1.xdc:19]
CRITICAL WARNING: [Common 17-55] 'set_property' expects at least one object. [C:/Users/ethan/Documents/Vivado Projects/CPE333_OTTER_EXPORT/CPE333_OTTER_EXPORT.srcs/constrs_1/imports/OTTER-multicyle-1-cycle-memory/Basys3_constraints-1.xdc:19]
Resolution: If [get_<value>] was used to populate the object, check to make sure this command returns at least one valid object.
WARNING: [Vivado 12-584] No ports matched 'SWITCHES[4]'. [C:/Users/ethan/Documents/Vivado Projects/CPE333_OTTER_EXPORT/CPE333_OTTER_EXPORT.srcs/constrs_1/imports/OTTER-multicyle-1-cycle-memory/Basys3_constraints-1.xdc:20]
CRITICAL WARNING: [Common 17-55] 'set_property' expects at least one object. [C:/Users/ethan/Documents/Vivado Projects/CPE333_OTTER_EXPORT/CPE333_OTTER_EXPORT.srcs/constrs_1/imports/OTTER-multicyle-1-cycle-memory/Basys3_constraints-1.xdc:20]
Resolution: If [get_<value>] was used to populate the object, check to make sure this command returns at least one valid object.
WARNING: [Vivado 12-584] No ports matched 'SWITCHES[4]'. [C:/Users/ethan/Documents/Vivado Projects/CPE333_OTTER_EXPORT/CPE333_OTTER_EXPORT.srcs/constrs_1/imports/OTTER-multicyle-1-cycle-memory/Basys3_constraints-1.xdc:21]
CRITICAL WARNING: [Common 17-55] 'set_property' expects at least one object. [C:/Users/ethan/Documents/Vivado Projects/CPE333_OTTER_EXPORT/CPE333_OTTER_EXPORT.srcs/constrs_1/imports/OTTER-multicyle-1-cycle-memory/Basys3_constraints-1.xdc:21]
Resolution: If [get_<value>] was used to populate the object, check to make sure this command returns at least one valid object.
WARNING: [Vivado 12-584] No ports matched 'SWITCHES[5]'. [C:/Users/ethan/Documents/Vivado Projects/CPE333_OTTER_EXPORT/CPE333_OTTER_EXPORT.srcs/constrs_1/imports/OTTER-multicyle-1-cycle-memory/Basys3_constraints-1.xdc:22]
CRITICAL WARNING: [Common 17-55] 'set_property' expects at least one object. [C:/Users/ethan/Documents/Vivado Projects/CPE333_OTTER_EXPORT/CPE333_OTTER_EXPORT.srcs/constrs_1/imports/OTTER-multicyle-1-cycle-memory/Basys3_constraints-1.xdc:22]
Resolution: If [get_<value>] was used to populate the object, check to make sure this command returns at least one valid object.
WARNING: [Vivado 12-584] No ports matched 'SWITCHES[5]'. [C:/Users/ethan/Documents/Vivado Projects/CPE333_OTTER_EXPORT/CPE333_OTTER_EXPORT.srcs/constrs_1/imports/OTTER-multicyle-1-cycle-memory/Basys3_constraints-1.xdc:23]
CRITICAL WARNING: [Common 17-55] 'set_property' expects at least one object. [C:/Users/ethan/Documents/Vivado Projects/CPE333_OTTER_EXPORT/CPE333_OTTER_EXPORT.srcs/constrs_1/imports/OTTER-multicyle-1-cycle-memory/Basys3_constraints-1.xdc:23]
Resolution: If [get_<value>] was used to populate the object, check to make sure this command returns at least one valid object.
WARNING: [Vivado 12-584] No ports matched 'SWITCHES[6]'. [C:/Users/ethan/Documents/Vivado Projects/CPE333_OTTER_EXPORT/CPE333_OTTER_EXPORT.srcs/constrs_1/imports/OTTER-multicyle-1-cycle-memory/Basys3_constraints-1.xdc:24]
CRITICAL WARNING: [Common 17-55] 'set_property' expects at least one object. [C:/Users/ethan/Documents/Vivado Projects/CPE333_OTTER_EXPORT/CPE333_OTTER_EXPORT.srcs/constrs_1/imports/OTTER-multicyle-1-cycle-memory/Basys3_constraints-1.xdc:24]
Resolution: If [get_<value>] was used to populate the object, check to make sure this command returns at least one valid object.
WARNING: [Vivado 12-584] No ports matched 'SWITCHES[6]'. [C:/Users/ethan/Documents/Vivado Projects/CPE333_OTTER_EXPORT/CPE333_OTTER_EXPORT.srcs/constrs_1/imports/OTTER-multicyle-1-cycle-memory/Basys3_constraints-1.xdc:25]
CRITICAL WARNING: [Common 17-55] 'set_property' expects at least one object. [C:/Users/ethan/Documents/Vivado Projects/CPE333_OTTER_EXPORT/CPE333_OTTER_EXPORT.srcs/constrs_1/imports/OTTER-multicyle-1-cycle-memory/Basys3_constraints-1.xdc:25]
Resolution: If [get_<value>] was used to populate the object, check to make sure this command returns at least one valid object.
WARNING: [Vivado 12-584] No ports matched 'SWITCHES[7]'. [C:/Users/ethan/Documents/Vivado Projects/CPE333_OTTER_EXPORT/CPE333_OTTER_EXPORT.srcs/constrs_1/imports/OTTER-multicyle-1-cycle-memory/Basys3_constraints-1.xdc:26]
CRITICAL WARNING: [Common 17-55] 'set_property' expects at least one object. [C:/Users/ethan/Documents/Vivado Projects/CPE333_OTTER_EXPORT/CPE333_OTTER_EXPORT.srcs/constrs_1/imports/OTTER-multicyle-1-cycle-memory/Basys3_constraints-1.xdc:26]
Resolution: If [get_<value>] was used to populate the object, check to make sure this command returns at least one valid object.
WARNING: [Vivado 12-584] No ports matched 'SWITCHES[7]'. [C:/Users/ethan/Documents/Vivado Projects/CPE333_OTTER_EXPORT/CPE333_OTTER_EXPORT.srcs/constrs_1/imports/OTTER-multicyle-1-cycle-memory/Basys3_constraints-1.xdc:27]
CRITICAL WARNING: [Common 17-55] 'set_property' expects at least one object. [C:/Users/ethan/Documents/Vivado Projects/CPE333_OTTER_EXPORT/CPE333_OTTER_EXPORT.srcs/constrs_1/imports/OTTER-multicyle-1-cycle-memory/Basys3_constraints-1.xdc:27]
Resolution: If [get_<value>] was used to populate the object, check to make sure this command returns at least one valid object.
WARNING: [Vivado 12-584] No ports matched 'SWITCHES[8]'. [C:/Users/ethan/Documents/Vivado Projects/CPE333_OTTER_EXPORT/CPE333_OTTER_EXPORT.srcs/constrs_1/imports/OTTER-multicyle-1-cycle-memory/Basys3_constraints-1.xdc:28]
CRITICAL WARNING: [Common 17-55] 'set_property' expects at least one object. [C:/Users/ethan/Documents/Vivado Projects/CPE333_OTTER_EXPORT/CPE333_OTTER_EXPORT.srcs/constrs_1/imports/OTTER-multicyle-1-cycle-memory/Basys3_constraints-1.xdc:28]
Resolution: If [get_<value>] was used to populate the object, check to make sure this command returns at least one valid object.
WARNING: [Vivado 12-584] No ports matched 'SWITCHES[8]'. [C:/Users/ethan/Documents/Vivado Projects/CPE333_OTTER_EXPORT/CPE333_OTTER_EXPORT.srcs/constrs_1/imports/OTTER-multicyle-1-cycle-memory/Basys3_constraints-1.xdc:29]
CRITICAL WARNING: [Common 17-55] 'set_property' expects at least one object. [C:/Users/ethan/Documents/Vivado Projects/CPE333_OTTER_EXPORT/CPE333_OTTER_EXPORT.srcs/constrs_1/imports/OTTER-multicyle-1-cycle-memory/Basys3_constraints-1.xdc:29]
Resolution: If [get_<value>] was used to populate the object, check to make sure this command returns at least one valid object.
WARNING: [Vivado 12-584] No ports matched 'SWITCHES[9]'. [C:/Users/ethan/Documents/Vivado Projects/CPE333_OTTER_EXPORT/CPE333_OTTER_EXPORT.srcs/constrs_1/imports/OTTER-multicyle-1-cycle-memory/Basys3_constraints-1.xdc:30]
CRITICAL WARNING: [Common 17-55] 'set_property' expects at least one object. [C:/Users/ethan/Documents/Vivado Projects/CPE333_OTTER_EXPORT/CPE333_OTTER_EXPORT.srcs/constrs_1/imports/OTTER-multicyle-1-cycle-memory/Basys3_constraints-1.xdc:30]
Resolution: If [get_<value>] was used to populate the object, check to make sure this command returns at least one valid object.
WARNING: [Vivado 12-584] No ports matched 'SWITCHES[9]'. [C:/Users/ethan/Documents/Vivado Projects/CPE333_OTTER_EXPORT/CPE333_OTTER_EXPORT.srcs/constrs_1/imports/OTTER-multicyle-1-cycle-memory/Basys3_constraints-1.xdc:31]
CRITICAL WARNING: [Common 17-55] 'set_property' expects at least one object. [C:/Users/ethan/Documents/Vivado Projects/CPE333_OTTER_EXPORT/CPE333_OTTER_EXPORT.srcs/constrs_1/imports/OTTER-multicyle-1-cycle-memory/Basys3_constraints-1.xdc:31]
Resolution: If [get_<value>] was used to populate the object, check to make sure this command returns at least one valid object.
WARNING: [Vivado 12-584] No ports matched 'SWITCHES[10]'. [C:/Users/ethan/Documents/Vivado Projects/CPE333_OTTER_EXPORT/CPE333_OTTER_EXPORT.srcs/constrs_1/imports/OTTER-multicyle-1-cycle-memory/Basys3_constraints-1.xdc:32]
CRITICAL WARNING: [Common 17-55] 'set_property' expects at least one object. [C:/Users/ethan/Documents/Vivado Projects/CPE333_OTTER_EXPORT/CPE333_OTTER_EXPORT.srcs/constrs_1/imports/OTTER-multicyle-1-cycle-memory/Basys3_constraints-1.xdc:32]
Resolution: If [get_<value>] was used to populate the object, check to make sure this command returns at least one valid object.
WARNING: [Vivado 12-584] No ports matched 'SWITCHES[10]'. [C:/Users/ethan/Documents/Vivado Projects/CPE333_OTTER_EXPORT/CPE333_OTTER_EXPORT.srcs/constrs_1/imports/OTTER-multicyle-1-cycle-memory/Basys3_constraints-1.xdc:33]
CRITICAL WARNING: [Common 17-55] 'set_property' expects at least one object. [C:/Users/ethan/Documents/Vivado Projects/CPE333_OTTER_EXPORT/CPE333_OTTER_EXPORT.srcs/constrs_1/imports/OTTER-multicyle-1-cycle-memory/Basys3_constraints-1.xdc:33]
Resolution: If [get_<value>] was used to populate the object, check to make sure this command returns at least one valid object.
WARNING: [Vivado 12-584] No ports matched 'SWITCHES[11]'. [C:/Users/ethan/Documents/Vivado Projects/CPE333_OTTER_EXPORT/CPE333_OTTER_EXPORT.srcs/constrs_1/imports/OTTER-multicyle-1-cycle-memory/Basys3_constraints-1.xdc:34]
CRITICAL WARNING: [Common 17-55] 'set_property' expects at least one object. [C:/Users/ethan/Documents/Vivado Projects/CPE333_OTTER_EXPORT/CPE333_OTTER_EXPORT.srcs/constrs_1/imports/OTTER-multicyle-1-cycle-memory/Basys3_constraints-1.xdc:34]
Resolution: If [get_<value>] was used to populate the object, check to make sure this command returns at least one valid object.
WARNING: [Vivado 12-584] No ports matched 'SWITCHES[11]'. [C:/Users/ethan/Documents/Vivado Projects/CPE333_OTTER_EXPORT/CPE333_OTTER_EXPORT.srcs/constrs_1/imports/OTTER-multicyle-1-cycle-memory/Basys3_constraints-1.xdc:35]
CRITICAL WARNING: [Common 17-55] 'set_property' expects at least one object. [C:/Users/ethan/Documents/Vivado Projects/CPE333_OTTER_EXPORT/CPE333_OTTER_EXPORT.srcs/constrs_1/imports/OTTER-multicyle-1-cycle-memory/Basys3_constraints-1.xdc:35]
Resolution: If [get_<value>] was used to populate the object, check to make sure this command returns at least one valid object.
WARNING: [Vivado 12-584] No ports matched 'SWITCHES[12]'. [C:/Users/ethan/Documents/Vivado Projects/CPE333_OTTER_EXPORT/CPE333_OTTER_EXPORT.srcs/constrs_1/imports/OTTER-multicyle-1-cycle-memory/Basys3_constraints-1.xdc:36]
CRITICAL WARNING: [Common 17-55] 'set_property' expects at least one object. [C:/Users/ethan/Documents/Vivado Projects/CPE333_OTTER_EXPORT/CPE333_OTTER_EXPORT.srcs/constrs_1/imports/OTTER-multicyle-1-cycle-memory/Basys3_constraints-1.xdc:36]
Resolution: If [get_<value>] was used to populate the object, check to make sure this command returns at least one valid object.
WARNING: [Vivado 12-584] No ports matched 'SWITCHES[12]'. [C:/Users/ethan/Documents/Vivado Projects/CPE333_OTTER_EXPORT/CPE333_OTTER_EXPORT.srcs/constrs_1/imports/OTTER-multicyle-1-cycle-memory/Basys3_constraints-1.xdc:37]
CRITICAL WARNING: [Common 17-55] 'set_property' expects at least one object. [C:/Users/ethan/Documents/Vivado Projects/CPE333_OTTER_EXPORT/CPE333_OTTER_EXPORT.srcs/constrs_1/imports/OTTER-multicyle-1-cycle-memory/Basys3_constraints-1.xdc:37]
Resolution: If [get_<value>] was used to populate the object, check to make sure this command returns at least one valid object.
WARNING: [Vivado 12-584] No ports matched 'SWITCHES[13]'. [C:/Users/ethan/Documents/Vivado Projects/CPE333_OTTER_EXPORT/CPE333_OTTER_EXPORT.srcs/constrs_1/imports/OTTER-multicyle-1-cycle-memory/Basys3_constraints-1.xdc:38]
CRITICAL WARNING: [Common 17-55] 'set_property' expects at least one object. [C:/Users/ethan/Documents/Vivado Projects/CPE333_OTTER_EXPORT/CPE333_OTTER_EXPORT.srcs/constrs_1/imports/OTTER-multicyle-1-cycle-memory/Basys3_constraints-1.xdc:38]
Resolution: If [get_<value>] was used to populate the object, check to make sure this command returns at least one valid object.
WARNING: [Vivado 12-584] No ports matched 'SWITCHES[13]'. [C:/Users/ethan/Documents/Vivado Projects/CPE333_OTTER_EXPORT/CPE333_OTTER_EXPORT.srcs/constrs_1/imports/OTTER-multicyle-1-cycle-memory/Basys3_constraints-1.xdc:39]
CRITICAL WARNING: [Common 17-55] 'set_property' expects at least one object. [C:/Users/ethan/Documents/Vivado Projects/CPE333_OTTER_EXPORT/CPE333_OTTER_EXPORT.srcs/constrs_1/imports/OTTER-multicyle-1-cycle-memory/Basys3_constraints-1.xdc:39]
Resolution: If [get_<value>] was used to populate the object, check to make sure this command returns at least one valid object.
WARNING: [Vivado 12-584] No ports matched 'SWITCHES[14]'. [C:/Users/ethan/Documents/Vivado Projects/CPE333_OTTER_EXPORT/CPE333_OTTER_EXPORT.srcs/constrs_1/imports/OTTER-multicyle-1-cycle-memory/Basys3_constraints-1.xdc:40]
CRITICAL WARNING: [Common 17-55] 'set_property' expects at least one object. [C:/Users/ethan/Documents/Vivado Projects/CPE333_OTTER_EXPORT/CPE333_OTTER_EXPORT.srcs/constrs_1/imports/OTTER-multicyle-1-cycle-memory/Basys3_constraints-1.xdc:40]
Resolution: If [get_<value>] was used to populate the object, check to make sure this command returns at least one valid object.
WARNING: [Vivado 12-584] No ports matched 'SWITCHES[14]'. [C:/Users/ethan/Documents/Vivado Projects/CPE333_OTTER_EXPORT/CPE333_OTTER_EXPORT.srcs/constrs_1/imports/OTTER-multicyle-1-cycle-memory/Basys3_constraints-1.xdc:41]
CRITICAL WARNING: [Common 17-55] 'set_property' expects at least one object. [C:/Users/ethan/Documents/Vivado Projects/CPE333_OTTER_EXPORT/CPE333_OTTER_EXPORT.srcs/constrs_1/imports/OTTER-multicyle-1-cycle-memory/Basys3_constraints-1.xdc:41]
Resolution: If [get_<value>] was used to populate the object, check to make sure this command returns at least one valid object.
WARNING: [Vivado 12-584] No ports matched 'SWITCHES[15]'. [C:/Users/ethan/Documents/Vivado Projects/CPE333_OTTER_EXPORT/CPE333_OTTER_EXPORT.srcs/constrs_1/imports/OTTER-multicyle-1-cycle-memory/Basys3_constraints-1.xdc:42]
CRITICAL WARNING: [Common 17-55] 'set_property' expects at least one object. [C:/Users/ethan/Documents/Vivado Projects/CPE333_OTTER_EXPORT/CPE333_OTTER_EXPORT.srcs/constrs_1/imports/OTTER-multicyle-1-cycle-memory/Basys3_constraints-1.xdc:42]
Resolution: If [get_<value>] was used to populate the object, check to make sure this command returns at least one valid object.
WARNING: [Vivado 12-584] No ports matched 'SWITCHES[15]'. [C:/Users/ethan/Documents/Vivado Projects/CPE333_OTTER_EXPORT/CPE333_OTTER_EXPORT.srcs/constrs_1/imports/OTTER-multicyle-1-cycle-memory/Basys3_constraints-1.xdc:43]
CRITICAL WARNING: [Common 17-55] 'set_property' expects at least one object. [C:/Users/ethan/Documents/Vivado Projects/CPE333_OTTER_EXPORT/CPE333_OTTER_EXPORT.srcs/constrs_1/imports/OTTER-multicyle-1-cycle-memory/Basys3_constraints-1.xdc:43]
Resolution: If [get_<value>] was used to populate the object, check to make sure this command returns at least one valid object.
WARNING: [Vivado 12-584] No ports matched 'LEDS[0]'. [C:/Users/ethan/Documents/Vivado Projects/CPE333_OTTER_EXPORT/CPE333_OTTER_EXPORT.srcs/constrs_1/imports/OTTER-multicyle-1-cycle-memory/Basys3_constraints-1.xdc:47]
CRITICAL WARNING: [Common 17-55] 'set_property' expects at least one object. [C:/Users/ethan/Documents/Vivado Projects/CPE333_OTTER_EXPORT/CPE333_OTTER_EXPORT.srcs/constrs_1/imports/OTTER-multicyle-1-cycle-memory/Basys3_constraints-1.xdc:47]
Resolution: If [get_<value>] was used to populate the object, check to make sure this command returns at least one valid object.
WARNING: [Vivado 12-584] No ports matched 'LEDS[0]'. [C:/Users/ethan/Documents/Vivado Projects/CPE333_OTTER_EXPORT/CPE333_OTTER_EXPORT.srcs/constrs_1/imports/OTTER-multicyle-1-cycle-memory/Basys3_constraints-1.xdc:48]
CRITICAL WARNING: [Common 17-55] 'set_property' expects at least one object. [C:/Users/ethan/Documents/Vivado Projects/CPE333_OTTER_EXPORT/CPE333_OTTER_EXPORT.srcs/constrs_1/imports/OTTER-multicyle-1-cycle-memory/Basys3_constraints-1.xdc:48]
Resolution: If [get_<value>] was used to populate the object, check to make sure this command returns at least one valid object.
WARNING: [Vivado 12-584] No ports matched 'LEDS[1]'. [C:/Users/ethan/Documents/Vivado Projects/CPE333_OTTER_EXPORT/CPE333_OTTER_EXPORT.srcs/constrs_1/imports/OTTER-multicyle-1-cycle-memory/Basys3_constraints-1.xdc:49]
CRITICAL WARNING: [Common 17-55] 'set_property' expects at least one object. [C:/Users/ethan/Documents/Vivado Projects/CPE333_OTTER_EXPORT/CPE333_OTTER_EXPORT.srcs/constrs_1/imports/OTTER-multicyle-1-cycle-memory/Basys3_constraints-1.xdc:49]
Resolution: If [get_<value>] was used to populate the object, check to make sure this command returns at least one valid object.
WARNING: [Vivado 12-584] No ports matched 'LEDS[1]'. [C:/Users/ethan/Documents/Vivado Projects/CPE333_OTTER_EXPORT/CPE333_OTTER_EXPORT.srcs/constrs_1/imports/OTTER-multicyle-1-cycle-memory/Basys3_constraints-1.xdc:50]
CRITICAL WARNING: [Common 17-55] 'set_property' expects at least one object. [C:/Users/ethan/Documents/Vivado Projects/CPE333_OTTER_EXPORT/CPE333_OTTER_EXPORT.srcs/constrs_1/imports/OTTER-multicyle-1-cycle-memory/Basys3_constraints-1.xdc:50]
Resolution: If [get_<value>] was used to populate the object, check to make sure this command returns at least one valid object.
WARNING: [Vivado 12-584] No ports matched 'LEDS[2]'. [C:/Users/ethan/Documents/Vivado Projects/CPE333_OTTER_EXPORT/CPE333_OTTER_EXPORT.srcs/constrs_1/imports/OTTER-multicyle-1-cycle-memory/Basys3_constraints-1.xdc:51]
CRITICAL WARNING: [Common 17-55] 'set_property' expects at least one object. [C:/Users/ethan/Documents/Vivado Projects/CPE333_OTTER_EXPORT/CPE333_OTTER_EXPORT.srcs/constrs_1/imports/OTTER-multicyle-1-cycle-memory/Basys3_constraints-1.xdc:51]
Resolution: If [get_<value>] was used to populate the object, check to make sure this command returns at least one valid object.
WARNING: [Vivado 12-584] No ports matched 'LEDS[2]'. [C:/Users/ethan/Documents/Vivado Projects/CPE333_OTTER_EXPORT/CPE333_OTTER_EXPORT.srcs/constrs_1/imports/OTTER-multicyle-1-cycle-memory/Basys3_constraints-1.xdc:52]
CRITICAL WARNING: [Common 17-55] 'set_property' expects at least one object. [C:/Users/ethan/Documents/Vivado Projects/CPE333_OTTER_EXPORT/CPE333_OTTER_EXPORT.srcs/constrs_1/imports/OTTER-multicyle-1-cycle-memory/Basys3_constraints-1.xdc:52]
Resolution: If [get_<value>] was used to populate the object, check to make sure this command returns at least one valid object.
WARNING: [Vivado 12-584] No ports matched 'LEDS[3]'. [C:/Users/ethan/Documents/Vivado Projects/CPE333_OTTER_EXPORT/CPE333_OTTER_EXPORT.srcs/constrs_1/imports/OTTER-multicyle-1-cycle-memory/Basys3_constraints-1.xdc:53]
CRITICAL WARNING: [Common 17-55] 'set_property' expects at least one object. [C:/Users/ethan/Documents/Vivado Projects/CPE333_OTTER_EXPORT/CPE333_OTTER_EXPORT.srcs/constrs_1/imports/OTTER-multicyle-1-cycle-memory/Basys3_constraints-1.xdc:53]
Resolution: If [get_<value>] was used to populate the object, check to make sure this command returns at least one valid object.
WARNING: [Vivado 12-584] No ports matched 'LEDS[3]'. [C:/Users/ethan/Documents/Vivado Projects/CPE333_OTTER_EXPORT/CPE333_OTTER_EXPORT.srcs/constrs_1/imports/OTTER-multicyle-1-cycle-memory/Basys3_constraints-1.xdc:54]
CRITICAL WARNING: [Common 17-55] 'set_property' expects at least one object. [C:/Users/ethan/Documents/Vivado Projects/CPE333_OTTER_EXPORT/CPE333_OTTER_EXPORT.srcs/constrs_1/imports/OTTER-multicyle-1-cycle-memory/Basys3_constraints-1.xdc:54]
Resolution: If [get_<value>] was used to populate the object, check to make sure this command returns at least one valid object.
WARNING: [Vivado 12-584] No ports matched 'LEDS[4]'. [C:/Users/ethan/Documents/Vivado Projects/CPE333_OTTER_EXPORT/CPE333_OTTER_EXPORT.srcs/constrs_1/imports/OTTER-multicyle-1-cycle-memory/Basys3_constraints-1.xdc:55]
CRITICAL WARNING: [Common 17-55] 'set_property' expects at least one object. [C:/Users/ethan/Documents/Vivado Projects/CPE333_OTTER_EXPORT/CPE333_OTTER_EXPORT.srcs/constrs_1/imports/OTTER-multicyle-1-cycle-memory/Basys3_constraints-1.xdc:55]
Resolution: If [get_<value>] was used to populate the object, check to make sure this command returns at least one valid object.
WARNING: [Vivado 12-584] No ports matched 'LEDS[4]'. [C:/Users/ethan/Documents/Vivado Projects/CPE333_OTTER_EXPORT/CPE333_OTTER_EXPORT.srcs/constrs_1/imports/OTTER-multicyle-1-cycle-memory/Basys3_constraints-1.xdc:56]
CRITICAL WARNING: [Common 17-55] 'set_property' expects at least one object. [C:/Users/ethan/Documents/Vivado Projects/CPE333_OTTER_EXPORT/CPE333_OTTER_EXPORT.srcs/constrs_1/imports/OTTER-multicyle-1-cycle-memory/Basys3_constraints-1.xdc:56]
Resolution: If [get_<value>] was used to populate the object, check to make sure this command returns at least one valid object.
WARNING: [Vivado 12-584] No ports matched 'LEDS[5]'. [C:/Users/ethan/Documents/Vivado Projects/CPE333_OTTER_EXPORT/CPE333_OTTER_EXPORT.srcs/constrs_1/imports/OTTER-multicyle-1-cycle-memory/Basys3_constraints-1.xdc:57]
CRITICAL WARNING: [Common 17-55] 'set_property' expects at least one object. [C:/Users/ethan/Documents/Vivado Projects/CPE333_OTTER_EXPORT/CPE333_OTTER_EXPORT.srcs/constrs_1/imports/OTTER-multicyle-1-cycle-memory/Basys3_constraints-1.xdc:57]
Resolution: If [get_<value>] was used to populate the object, check to make sure this command returns at least one valid object.
WARNING: [Vivado 12-584] No ports matched 'LEDS[5]'. [C:/Users/ethan/Documents/Vivado Projects/CPE333_OTTER_EXPORT/CPE333_OTTER_EXPORT.srcs/constrs_1/imports/OTTER-multicyle-1-cycle-memory/Basys3_constraints-1.xdc:58]
CRITICAL WARNING: [Common 17-55] 'set_property' expects at least one object. [C:/Users/ethan/Documents/Vivado Projects/CPE333_OTTER_EXPORT/CPE333_OTTER_EXPORT.srcs/constrs_1/imports/OTTER-multicyle-1-cycle-memory/Basys3_constraints-1.xdc:58]
Resolution: If [get_<value>] was used to populate the object, check to make sure this command returns at least one valid object.
WARNING: [Vivado 12-584] No ports matched 'LEDS[6]'. [C:/Users/ethan/Documents/Vivado Projects/CPE333_OTTER_EXPORT/CPE333_OTTER_EXPORT.srcs/constrs_1/imports/OTTER-multicyle-1-cycle-memory/Basys3_constraints-1.xdc:59]
CRITICAL WARNING: [Common 17-55] 'set_property' expects at least one object. [C:/Users/ethan/Documents/Vivado Projects/CPE333_OTTER_EXPORT/CPE333_OTTER_EXPORT.srcs/constrs_1/imports/OTTER-multicyle-1-cycle-memory/Basys3_constraints-1.xdc:59]
Resolution: If [get_<value>] was used to populate the object, check to make sure this command returns at least one valid object.
WARNING: [Vivado 12-584] No ports matched 'LEDS[6]'. [C:/Users/ethan/Documents/Vivado Projects/CPE333_OTTER_EXPORT/CPE333_OTTER_EXPORT.srcs/constrs_1/imports/OTTER-multicyle-1-cycle-memory/Basys3_constraints-1.xdc:60]
CRITICAL WARNING: [Common 17-55] 'set_property' expects at least one object. [C:/Users/ethan/Documents/Vivado Projects/CPE333_OTTER_EXPORT/CPE333_OTTER_EXPORT.srcs/constrs_1/imports/OTTER-multicyle-1-cycle-memory/Basys3_constraints-1.xdc:60]
Resolution: If [get_<value>] was used to populate the object, check to make sure this command returns at least one valid object.
WARNING: [Vivado 12-584] No ports matched 'LEDS[7]'. [C:/Users/ethan/Documents/Vivado Projects/CPE333_OTTER_EXPORT/CPE333_OTTER_EXPORT.srcs/constrs_1/imports/OTTER-multicyle-1-cycle-memory/Basys3_constraints-1.xdc:61]
CRITICAL WARNING: [Common 17-55] 'set_property' expects at least one object. [C:/Users/ethan/Documents/Vivado Projects/CPE333_OTTER_EXPORT/CPE333_OTTER_EXPORT.srcs/constrs_1/imports/OTTER-multicyle-1-cycle-memory/Basys3_constraints-1.xdc:61]
Resolution: If [get_<value>] was used to populate the object, check to make sure this command returns at least one valid object.
WARNING: [Vivado 12-584] No ports matched 'LEDS[7]'. [C:/Users/ethan/Documents/Vivado Projects/CPE333_OTTER_EXPORT/CPE333_OTTER_EXPORT.srcs/constrs_1/imports/OTTER-multicyle-1-cycle-memory/Basys3_constraints-1.xdc:62]
CRITICAL WARNING: [Common 17-55] 'set_property' expects at least one object. [C:/Users/ethan/Documents/Vivado Projects/CPE333_OTTER_EXPORT/CPE333_OTTER_EXPORT.srcs/constrs_1/imports/OTTER-multicyle-1-cycle-memory/Basys3_constraints-1.xdc:62]
Resolution: If [get_<value>] was used to populate the object, check to make sure this command returns at least one valid object.
WARNING: [Vivado 12-584] No ports matched 'LEDS[8]'. [C:/Users/ethan/Documents/Vivado Projects/CPE333_OTTER_EXPORT/CPE333_OTTER_EXPORT.srcs/constrs_1/imports/OTTER-multicyle-1-cycle-memory/Basys3_constraints-1.xdc:63]
CRITICAL WARNING: [Common 17-55] 'set_property' expects at least one object. [C:/Users/ethan/Documents/Vivado Projects/CPE333_OTTER_EXPORT/CPE333_OTTER_EXPORT.srcs/constrs_1/imports/OTTER-multicyle-1-cycle-memory/Basys3_constraints-1.xdc:63]
Resolution: If [get_<value>] was used to populate the object, check to make sure this command returns at least one valid object.
WARNING: [Vivado 12-584] No ports matched 'LEDS[8]'. [C:/Users/ethan/Documents/Vivado Projects/CPE333_OTTER_EXPORT/CPE333_OTTER_EXPORT.srcs/constrs_1/imports/OTTER-multicyle-1-cycle-memory/Basys3_constraints-1.xdc:64]
CRITICAL WARNING: [Common 17-55] 'set_property' expects at least one object. [C:/Users/ethan/Documents/Vivado Projects/CPE333_OTTER_EXPORT/CPE333_OTTER_EXPORT.srcs/constrs_1/imports/OTTER-multicyle-1-cycle-memory/Basys3_constraints-1.xdc:64]
Resolution: If [get_<value>] was used to populate the object, check to make sure this command returns at least one valid object.
WARNING: [Vivado 12-584] No ports matched 'LEDS[9]'. [C:/Users/ethan/Documents/Vivado Projects/CPE333_OTTER_EXPORT/CPE333_OTTER_EXPORT.srcs/constrs_1/imports/OTTER-multicyle-1-cycle-memory/Basys3_constraints-1.xdc:65]
CRITICAL WARNING: [Common 17-55] 'set_property' expects at least one object. [C:/Users/ethan/Documents/Vivado Projects/CPE333_OTTER_EXPORT/CPE333_OTTER_EXPORT.srcs/constrs_1/imports/OTTER-multicyle-1-cycle-memory/Basys3_constraints-1.xdc:65]
Resolution: If [get_<value>] was used to populate the object, check to make sure this command returns at least one valid object.
WARNING: [Vivado 12-584] No ports matched 'LEDS[9]'. [C:/Users/ethan/Documents/Vivado Projects/CPE333_OTTER_EXPORT/CPE333_OTTER_EXPORT.srcs/constrs_1/imports/OTTER-multicyle-1-cycle-memory/Basys3_constraints-1.xdc:66]
CRITICAL WARNING: [Common 17-55] 'set_property' expects at least one object. [C:/Users/ethan/Documents/Vivado Projects/CPE333_OTTER_EXPORT/CPE333_OTTER_EXPORT.srcs/constrs_1/imports/OTTER-multicyle-1-cycle-memory/Basys3_constraints-1.xdc:66]
Resolution: If [get_<value>] was used to populate the object, check to make sure this command returns at least one valid object.
WARNING: [Vivado 12-584] No ports matched 'LEDS[10]'. [C:/Users/ethan/Documents/Vivado Projects/CPE333_OTTER_EXPORT/CPE333_OTTER_EXPORT.srcs/constrs_1/imports/OTTER-multicyle-1-cycle-memory/Basys3_constraints-1.xdc:67]
CRITICAL WARNING: [Common 17-55] 'set_property' expects at least one object. [C:/Users/ethan/Documents/Vivado Projects/CPE333_OTTER_EXPORT/CPE333_OTTER_EXPORT.srcs/constrs_1/imports/OTTER-multicyle-1-cycle-memory/Basys3_constraints-1.xdc:67]
Resolution: If [get_<value>] was used to populate the object, check to make sure this command returns at least one valid object.
WARNING: [Vivado 12-584] No ports matched 'LEDS[10]'. [C:/Users/ethan/Documents/Vivado Projects/CPE333_OTTER_EXPORT/CPE333_OTTER_EXPORT.srcs/constrs_1/imports/OTTER-multicyle-1-cycle-memory/Basys3_constraints-1.xdc:68]
CRITICAL WARNING: [Common 17-55] 'set_property' expects at least one object. [C:/Users/ethan/Documents/Vivado Projects/CPE333_OTTER_EXPORT/CPE333_OTTER_EXPORT.srcs/constrs_1/imports/OTTER-multicyle-1-cycle-memory/Basys3_constraints-1.xdc:68]
Resolution: If [get_<value>] was used to populate the object, check to make sure this command returns at least one valid object.
WARNING: [Vivado 12-584] No ports matched 'LEDS[11]'. [C:/Users/ethan/Documents/Vivado Projects/CPE333_OTTER_EXPORT/CPE333_OTTER_EXPORT.srcs/constrs_1/imports/OTTER-multicyle-1-cycle-memory/Basys3_constraints-1.xdc:69]
CRITICAL WARNING: [Common 17-55] 'set_property' expects at least one object. [C:/Users/ethan/Documents/Vivado Projects/CPE333_OTTER_EXPORT/CPE333_OTTER_EXPORT.srcs/constrs_1/imports/OTTER-multicyle-1-cycle-memory/Basys3_constraints-1.xdc:69]
Resolution: If [get_<value>] was used to populate the object, check to make sure this command returns at least one valid object.
WARNING: [Vivado 12-584] No ports matched 'LEDS[11]'. [C:/Users/ethan/Documents/Vivado Projects/CPE333_OTTER_EXPORT/CPE333_OTTER_EXPORT.srcs/constrs_1/imports/OTTER-multicyle-1-cycle-memory/Basys3_constraints-1.xdc:70]
CRITICAL WARNING: [Common 17-55] 'set_property' expects at least one object. [C:/Users/ethan/Documents/Vivado Projects/CPE333_OTTER_EXPORT/CPE333_OTTER_EXPORT.srcs/constrs_1/imports/OTTER-multicyle-1-cycle-memory/Basys3_constraints-1.xdc:70]
Resolution: If [get_<value>] was used to populate the object, check to make sure this command returns at least one valid object.
WARNING: [Vivado 12-584] No ports matched 'LEDS[12]'. [C:/Users/ethan/Documents/Vivado Projects/CPE333_OTTER_EXPORT/CPE333_OTTER_EXPORT.srcs/constrs_1/imports/OTTER-multicyle-1-cycle-memory/Basys3_constraints-1.xdc:71]
CRITICAL WARNING: [Common 17-55] 'set_property' expects at least one object. [C:/Users/ethan/Documents/Vivado Projects/CPE333_OTTER_EXPORT/CPE333_OTTER_EXPORT.srcs/constrs_1/imports/OTTER-multicyle-1-cycle-memory/Basys3_constraints-1.xdc:71]
Resolution: If [get_<value>] was used to populate the object, check to make sure this command returns at least one valid object.
WARNING: [Vivado 12-584] No ports matched 'LEDS[12]'. [C:/Users/ethan/Documents/Vivado Projects/CPE333_OTTER_EXPORT/CPE333_OTTER_EXPORT.srcs/constrs_1/imports/OTTER-multicyle-1-cycle-memory/Basys3_constraints-1.xdc:72]
CRITICAL WARNING: [Common 17-55] 'set_property' expects at least one object. [C:/Users/ethan/Documents/Vivado Projects/CPE333_OTTER_EXPORT/CPE333_OTTER_EXPORT.srcs/constrs_1/imports/OTTER-multicyle-1-cycle-memory/Basys3_constraints-1.xdc:72]
Resolution: If [get_<value>] was used to populate the object, check to make sure this command returns at least one valid object.
WARNING: [Vivado 12-584] No ports matched 'LEDS[13]'. [C:/Users/ethan/Documents/Vivado Projects/CPE333_OTTER_EXPORT/CPE333_OTTER_EXPORT.srcs/constrs_1/imports/OTTER-multicyle-1-cycle-memory/Basys3_constraints-1.xdc:73]
CRITICAL WARNING: [Common 17-55] 'set_property' expects at least one object. [C:/Users/ethan/Documents/Vivado Projects/CPE333_OTTER_EXPORT/CPE333_OTTER_EXPORT.srcs/constrs_1/imports/OTTER-multicyle-1-cycle-memory/Basys3_constraints-1.xdc:73]
Resolution: If [get_<value>] was used to populate the object, check to make sure this command returns at least one valid object.
WARNING: [Vivado 12-584] No ports matched 'LEDS[13]'. [C:/Users/ethan/Documents/Vivado Projects/CPE333_OTTER_EXPORT/CPE333_OTTER_EXPORT.srcs/constrs_1/imports/OTTER-multicyle-1-cycle-memory/Basys3_constraints-1.xdc:74]
CRITICAL WARNING: [Common 17-55] 'set_property' expects at least one object. [C:/Users/ethan/Documents/Vivado Projects/CPE333_OTTER_EXPORT/CPE333_OTTER_EXPORT.srcs/constrs_1/imports/OTTER-multicyle-1-cycle-memory/Basys3_constraints-1.xdc:74]
Resolution: If [get_<value>] was used to populate the object, check to make sure this command returns at least one valid object.
WARNING: [Vivado 12-584] No ports matched 'LEDS[14]'. [C:/Users/ethan/Documents/Vivado Projects/CPE333_OTTER_EXPORT/CPE333_OTTER_EXPORT.srcs/constrs_1/imports/OTTER-multicyle-1-cycle-memory/Basys3_constraints-1.xdc:75]
CRITICAL WARNING: [Common 17-55] 'set_property' expects at least one object. [C:/Users/ethan/Documents/Vivado Projects/CPE333_OTTER_EXPORT/CPE333_OTTER_EXPORT.srcs/constrs_1/imports/OTTER-multicyle-1-cycle-memory/Basys3_constraints-1.xdc:75]
Resolution: If [get_<value>] was used to populate the object, check to make sure this command returns at least one valid object.
WARNING: [Vivado 12-584] No ports matched 'LEDS[14]'. [C:/Users/ethan/Documents/Vivado Projects/CPE333_OTTER_EXPORT/CPE333_OTTER_EXPORT.srcs/constrs_1/imports/OTTER-multicyle-1-cycle-memory/Basys3_constraints-1.xdc:76]
CRITICAL WARNING: [Common 17-55] 'set_property' expects at least one object. [C:/Users/ethan/Documents/Vivado Projects/CPE333_OTTER_EXPORT/CPE333_OTTER_EXPORT.srcs/constrs_1/imports/OTTER-multicyle-1-cycle-memory/Basys3_constraints-1.xdc:76]
Resolution: If [get_<value>] was used to populate the object, check to make sure this command returns at least one valid object.
WARNING: [Vivado 12-584] No ports matched 'LEDS[15]'. [C:/Users/ethan/Documents/Vivado Projects/CPE333_OTTER_EXPORT/CPE333_OTTER_EXPORT.srcs/constrs_1/imports/OTTER-multicyle-1-cycle-memory/Basys3_constraints-1.xdc:77]
CRITICAL WARNING: [Common 17-55] 'set_property' expects at least one object. [C:/Users/ethan/Documents/Vivado Projects/CPE333_OTTER_EXPORT/CPE333_OTTER_EXPORT.srcs/constrs_1/imports/OTTER-multicyle-1-cycle-memory/Basys3_constraints-1.xdc:77]
Resolution: If [get_<value>] was used to populate the object, check to make sure this command returns at least one valid object.
WARNING: [Vivado 12-584] No ports matched 'LEDS[15]'. [C:/Users/ethan/Documents/Vivado Projects/CPE333_OTTER_EXPORT/CPE333_OTTER_EXPORT.srcs/constrs_1/imports/OTTER-multicyle-1-cycle-memory/Basys3_constraints-1.xdc:78]
CRITICAL WARNING: [Common 17-55] 'set_property' expects at least one object. [C:/Users/ethan/Documents/Vivado Projects/CPE333_OTTER_EXPORT/CPE333_OTTER_EXPORT.srcs/constrs_1/imports/OTTER-multicyle-1-cycle-memory/Basys3_constraints-1.xdc:78]
Resolution: If [get_<value>] was used to populate the object, check to make sure this command returns at least one valid object.
WARNING: [Vivado 12-584] No ports matched 'CATHODES[6]'. [C:/Users/ethan/Documents/Vivado Projects/CPE333_OTTER_EXPORT/CPE333_OTTER_EXPORT.srcs/constrs_1/imports/OTTER-multicyle-1-cycle-memory/Basys3_constraints-1.xdc:82]
CRITICAL WARNING: [Common 17-55] 'set_property' expects at least one object. [C:/Users/ethan/Documents/Vivado Projects/CPE333_OTTER_EXPORT/CPE333_OTTER_EXPORT.srcs/constrs_1/imports/OTTER-multicyle-1-cycle-memory/Basys3_constraints-1.xdc:82]
Resolution: If [get_<value>] was used to populate the object, check to make sure this command returns at least one valid object.
WARNING: [Vivado 12-584] No ports matched 'CATHODES[6]'. [C:/Users/ethan/Documents/Vivado Projects/CPE333_OTTER_EXPORT/CPE333_OTTER_EXPORT.srcs/constrs_1/imports/OTTER-multicyle-1-cycle-memory/Basys3_constraints-1.xdc:83]
CRITICAL WARNING: [Common 17-55] 'set_property' expects at least one object. [C:/Users/ethan/Documents/Vivado Projects/CPE333_OTTER_EXPORT/CPE333_OTTER_EXPORT.srcs/constrs_1/imports/OTTER-multicyle-1-cycle-memory/Basys3_constraints-1.xdc:83]
Resolution: If [get_<value>] was used to populate the object, check to make sure this command returns at least one valid object.
WARNING: [Vivado 12-584] No ports matched 'CATHODES[5]'. [C:/Users/ethan/Documents/Vivado Projects/CPE333_OTTER_EXPORT/CPE333_OTTER_EXPORT.srcs/constrs_1/imports/OTTER-multicyle-1-cycle-memory/Basys3_constraints-1.xdc:84]
CRITICAL WARNING: [Common 17-55] 'set_property' expects at least one object. [C:/Users/ethan/Documents/Vivado Projects/CPE333_OTTER_EXPORT/CPE333_OTTER_EXPORT.srcs/constrs_1/imports/OTTER-multicyle-1-cycle-memory/Basys3_constraints-1.xdc:84]
Resolution: If [get_<value>] was used to populate the object, check to make sure this command returns at least one valid object.
WARNING: [Vivado 12-584] No ports matched 'CATHODES[5]'. [C:/Users/ethan/Documents/Vivado Projects/CPE333_OTTER_EXPORT/CPE333_OTTER_EXPORT.srcs/constrs_1/imports/OTTER-multicyle-1-cycle-memory/Basys3_constraints-1.xdc:85]
CRITICAL WARNING: [Common 17-55] 'set_property' expects at least one object. [C:/Users/ethan/Documents/Vivado Projects/CPE333_OTTER_EXPORT/CPE333_OTTER_EXPORT.srcs/constrs_1/imports/OTTER-multicyle-1-cycle-memory/Basys3_constraints-1.xdc:85]
Resolution: If [get_<value>] was used to populate the object, check to make sure this command returns at least one valid object.
WARNING: [Vivado 12-584] No ports matched 'CATHODES[4]'. [C:/Users/ethan/Documents/Vivado Projects/CPE333_OTTER_EXPORT/CPE333_OTTER_EXPORT.srcs/constrs_1/imports/OTTER-multicyle-1-cycle-memory/Basys3_constraints-1.xdc:86]
CRITICAL WARNING: [Common 17-55] 'set_property' expects at least one object. [C:/Users/ethan/Documents/Vivado Projects/CPE333_OTTER_EXPORT/CPE333_OTTER_EXPORT.srcs/constrs_1/imports/OTTER-multicyle-1-cycle-memory/Basys3_constraints-1.xdc:86]
Resolution: If [get_<value>] was used to populate the object, check to make sure this command returns at least one valid object.
WARNING: [Vivado 12-584] No ports matched 'CATHODES[4]'. [C:/Users/ethan/Documents/Vivado Projects/CPE333_OTTER_EXPORT/CPE333_OTTER_EXPORT.srcs/constrs_1/imports/OTTER-multicyle-1-cycle-memory/Basys3_constraints-1.xdc:87]
CRITICAL WARNING: [Common 17-55] 'set_property' expects at least one object. [C:/Users/ethan/Documents/Vivado Projects/CPE333_OTTER_EXPORT/CPE333_OTTER_EXPORT.srcs/constrs_1/imports/OTTER-multicyle-1-cycle-memory/Basys3_constraints-1.xdc:87]
Resolution: If [get_<value>] was used to populate the object, check to make sure this command returns at least one valid object.
WARNING: [Vivado 12-584] No ports matched 'CATHODES[3]'. [C:/Users/ethan/Documents/Vivado Projects/CPE333_OTTER_EXPORT/CPE333_OTTER_EXPORT.srcs/constrs_1/imports/OTTER-multicyle-1-cycle-memory/Basys3_constraints-1.xdc:88]
CRITICAL WARNING: [Common 17-55] 'set_property' expects at least one object. [C:/Users/ethan/Documents/Vivado Projects/CPE333_OTTER_EXPORT/CPE333_OTTER_EXPORT.srcs/constrs_1/imports/OTTER-multicyle-1-cycle-memory/Basys3_constraints-1.xdc:88]
Resolution: If [get_<value>] was used to populate the object, check to make sure this command returns at least one valid object.
WARNING: [Vivado 12-584] No ports matched 'CATHODES[3]'. [C:/Users/ethan/Documents/Vivado Projects/CPE333_OTTER_EXPORT/CPE333_OTTER_EXPORT.srcs/constrs_1/imports/OTTER-multicyle-1-cycle-memory/Basys3_constraints-1.xdc:89]
CRITICAL WARNING: [Common 17-55] 'set_property' expects at least one object. [C:/Users/ethan/Documents/Vivado Projects/CPE333_OTTER_EXPORT/CPE333_OTTER_EXPORT.srcs/constrs_1/imports/OTTER-multicyle-1-cycle-memory/Basys3_constraints-1.xdc:89]
Resolution: If [get_<value>] was used to populate the object, check to make sure this command returns at least one valid object.
WARNING: [Vivado 12-584] No ports matched 'CATHODES[2]'. [C:/Users/ethan/Documents/Vivado Projects/CPE333_OTTER_EXPORT/CPE333_OTTER_EXPORT.srcs/constrs_1/imports/OTTER-multicyle-1-cycle-memory/Basys3_constraints-1.xdc:90]
CRITICAL WARNING: [Common 17-55] 'set_property' expects at least one object. [C:/Users/ethan/Documents/Vivado Projects/CPE333_OTTER_EXPORT/CPE333_OTTER_EXPORT.srcs/constrs_1/imports/OTTER-multicyle-1-cycle-memory/Basys3_constraints-1.xdc:90]
Resolution: If [get_<value>] was used to populate the object, check to make sure this command returns at least one valid object.
WARNING: [Vivado 12-584] No ports matched 'CATHODES[2]'. [C:/Users/ethan/Documents/Vivado Projects/CPE333_OTTER_EXPORT/CPE333_OTTER_EXPORT.srcs/constrs_1/imports/OTTER-multicyle-1-cycle-memory/Basys3_constraints-1.xdc:91]
CRITICAL WARNING: [Common 17-55] 'set_property' expects at least one object. [C:/Users/ethan/Documents/Vivado Projects/CPE333_OTTER_EXPORT/CPE333_OTTER_EXPORT.srcs/constrs_1/imports/OTTER-multicyle-1-cycle-memory/Basys3_constraints-1.xdc:91]
Resolution: If [get_<value>] was used to populate the object, check to make sure this command returns at least one valid object.
WARNING: [Vivado 12-584] No ports matched 'CATHODES[1]'. [C:/Users/ethan/Documents/Vivado Projects/CPE333_OTTER_EXPORT/CPE333_OTTER_EXPORT.srcs/constrs_1/imports/OTTER-multicyle-1-cycle-memory/Basys3_constraints-1.xdc:92]
CRITICAL WARNING: [Common 17-55] 'set_property' expects at least one object. [C:/Users/ethan/Documents/Vivado Projects/CPE333_OTTER_EXPORT/CPE333_OTTER_EXPORT.srcs/constrs_1/imports/OTTER-multicyle-1-cycle-memory/Basys3_constraints-1.xdc:92]
Resolution: If [get_<value>] was used to populate the object, check to make sure this command returns at least one valid object.
WARNING: [Vivado 12-584] No ports matched 'CATHODES[1]'. [C:/Users/ethan/Documents/Vivado Projects/CPE333_OTTER_EXPORT/CPE333_OTTER_EXPORT.srcs/constrs_1/imports/OTTER-multicyle-1-cycle-memory/Basys3_constraints-1.xdc:93]
CRITICAL WARNING: [Common 17-55] 'set_property' expects at least one object. [C:/Users/ethan/Documents/Vivado Projects/CPE333_OTTER_EXPORT/CPE333_OTTER_EXPORT.srcs/constrs_1/imports/OTTER-multicyle-1-cycle-memory/Basys3_constraints-1.xdc:93]
Resolution: If [get_<value>] was used to populate the object, check to make sure this command returns at least one valid object.
WARNING: [Vivado 12-584] No ports matched 'CATHODES[0]'. [C:/Users/ethan/Documents/Vivado Projects/CPE333_OTTER_EXPORT/CPE333_OTTER_EXPORT.srcs/constrs_1/imports/OTTER-multicyle-1-cycle-memory/Basys3_constraints-1.xdc:94]
CRITICAL WARNING: [Common 17-55] 'set_property' expects at least one object. [C:/Users/ethan/Documents/Vivado Projects/CPE333_OTTER_EXPORT/CPE333_OTTER_EXPORT.srcs/constrs_1/imports/OTTER-multicyle-1-cycle-memory/Basys3_constraints-1.xdc:94]
Resolution: If [get_<value>] was used to populate the object, check to make sure this command returns at least one valid object.
WARNING: [Vivado 12-584] No ports matched 'CATHODES[0]'. [C:/Users/ethan/Documents/Vivado Projects/CPE333_OTTER_EXPORT/CPE333_OTTER_EXPORT.srcs/constrs_1/imports/OTTER-multicyle-1-cycle-memory/Basys3_constraints-1.xdc:95]
CRITICAL WARNING: [Common 17-55] 'set_property' expects at least one object. [C:/Users/ethan/Documents/Vivado Projects/CPE333_OTTER_EXPORT/CPE333_OTTER_EXPORT.srcs/constrs_1/imports/OTTER-multicyle-1-cycle-memory/Basys3_constraints-1.xdc:95]
Resolution: If [get_<value>] was used to populate the object, check to make sure this command returns at least one valid object.
WARNING: [Vivado 12-584] No ports matched 'CATHODES[7]'. [C:/Users/ethan/Documents/Vivado Projects/CPE333_OTTER_EXPORT/CPE333_OTTER_EXPORT.srcs/constrs_1/imports/OTTER-multicyle-1-cycle-memory/Basys3_constraints-1.xdc:97]
CRITICAL WARNING: [Common 17-55] 'set_property' expects at least one object. [C:/Users/ethan/Documents/Vivado Projects/CPE333_OTTER_EXPORT/CPE333_OTTER_EXPORT.srcs/constrs_1/imports/OTTER-multicyle-1-cycle-memory/Basys3_constraints-1.xdc:97]
Resolution: If [get_<value>] was used to populate the object, check to make sure this command returns at least one valid object.
WARNING: [Vivado 12-584] No ports matched 'CATHODES[7]'. [C:/Users/ethan/Documents/Vivado Projects/CPE333_OTTER_EXPORT/CPE333_OTTER_EXPORT.srcs/constrs_1/imports/OTTER-multicyle-1-cycle-memory/Basys3_constraints-1.xdc:98]
CRITICAL WARNING: [Common 17-55] 'set_property' expects at least one object. [C:/Users/ethan/Documents/Vivado Projects/CPE333_OTTER_EXPORT/CPE333_OTTER_EXPORT.srcs/constrs_1/imports/OTTER-multicyle-1-cycle-memory/Basys3_constraints-1.xdc:98]
Resolution: If [get_<value>] was used to populate the object, check to make sure this command returns at least one valid object.
WARNING: [Vivado 12-584] No ports matched 'ANODES[0]'. [C:/Users/ethan/Documents/Vivado Projects/CPE333_OTTER_EXPORT/CPE333_OTTER_EXPORT.srcs/constrs_1/imports/OTTER-multicyle-1-cycle-memory/Basys3_constraints-1.xdc:100]
CRITICAL WARNING: [Common 17-55] 'set_property' expects at least one object. [C:/Users/ethan/Documents/Vivado Projects/CPE333_OTTER_EXPORT/CPE333_OTTER_EXPORT.srcs/constrs_1/imports/OTTER-multicyle-1-cycle-memory/Basys3_constraints-1.xdc:100]
Resolution: If [get_<value>] was used to populate the object, check to make sure this command returns at least one valid object.
WARNING: [Vivado 12-584] No ports matched 'ANODES[0]'. [C:/Users/ethan/Documents/Vivado Projects/CPE333_OTTER_EXPORT/CPE333_OTTER_EXPORT.srcs/constrs_1/imports/OTTER-multicyle-1-cycle-memory/Basys3_constraints-1.xdc:101]
CRITICAL WARNING: [Common 17-55] 'set_property' expects at least one object. [C:/Users/ethan/Documents/Vivado Projects/CPE333_OTTER_EXPORT/CPE333_OTTER_EXPORT.srcs/constrs_1/imports/OTTER-multicyle-1-cycle-memory/Basys3_constraints-1.xdc:101]
Resolution: If [get_<value>] was used to populate the object, check to make sure this command returns at least one valid object.
WARNING: [Vivado 12-584] No ports matched 'ANODES[1]'. [C:/Users/ethan/Documents/Vivado Projects/CPE333_OTTER_EXPORT/CPE333_OTTER_EXPORT.srcs/constrs_1/imports/OTTER-multicyle-1-cycle-memory/Basys3_constraints-1.xdc:102]
CRITICAL WARNING: [Common 17-55] 'set_property' expects at least one object. [C:/Users/ethan/Documents/Vivado Projects/CPE333_OTTER_EXPORT/CPE333_OTTER_EXPORT.srcs/constrs_1/imports/OTTER-multicyle-1-cycle-memory/Basys3_constraints-1.xdc:102]
Resolution: If [get_<value>] was used to populate the object, check to make sure this command returns at least one valid object.
WARNING: [Vivado 12-584] No ports matched 'ANODES[1]'. [C:/Users/ethan/Documents/Vivado Projects/CPE333_OTTER_EXPORT/CPE333_OTTER_EXPORT.srcs/constrs_1/imports/OTTER-multicyle-1-cycle-memory/Basys3_constraints-1.xdc:103]
CRITICAL WARNING: [Common 17-55] 'set_property' expects at least one object. [C:/Users/ethan/Documents/Vivado Projects/CPE333_OTTER_EXPORT/CPE333_OTTER_EXPORT.srcs/constrs_1/imports/OTTER-multicyle-1-cycle-memory/Basys3_constraints-1.xdc:103]
Resolution: If [get_<value>] was used to populate the object, check to make sure this command returns at least one valid object.
WARNING: [Vivado 12-584] No ports matched 'ANODES[2]'. [C:/Users/ethan/Documents/Vivado Projects/CPE333_OTTER_EXPORT/CPE333_OTTER_EXPORT.srcs/constrs_1/imports/OTTER-multicyle-1-cycle-memory/Basys3_constraints-1.xdc:104]
CRITICAL WARNING: [Common 17-55] 'set_property' expects at least one object. [C:/Users/ethan/Documents/Vivado Projects/CPE333_OTTER_EXPORT/CPE333_OTTER_EXPORT.srcs/constrs_1/imports/OTTER-multicyle-1-cycle-memory/Basys3_constraints-1.xdc:104]
Resolution: If [get_<value>] was used to populate the object, check to make sure this command returns at least one valid object.
WARNING: [Vivado 12-584] No ports matched 'ANODES[2]'. [C:/Users/ethan/Documents/Vivado Projects/CPE333_OTTER_EXPORT/CPE333_OTTER_EXPORT.srcs/constrs_1/imports/OTTER-multicyle-1-cycle-memory/Basys3_constraints-1.xdc:105]
CRITICAL WARNING: [Common 17-55] 'set_property' expects at least one object. [C:/Users/ethan/Documents/Vivado Projects/CPE333_OTTER_EXPORT/CPE333_OTTER_EXPORT.srcs/constrs_1/imports/OTTER-multicyle-1-cycle-memory/Basys3_constraints-1.xdc:105]
Resolution: If [get_<value>] was used to populate the object, check to make sure this command returns at least one valid object.
WARNING: [Vivado 12-584] No ports matched 'ANODES[3]'. [C:/Users/ethan/Documents/Vivado Projects/CPE333_OTTER_EXPORT/CPE333_OTTER_EXPORT.srcs/constrs_1/imports/OTTER-multicyle-1-cycle-memory/Basys3_constraints-1.xdc:106]
CRITICAL WARNING: [Common 17-55] 'set_property' expects at least one object. [C:/Users/ethan/Documents/Vivado Projects/CPE333_OTTER_EXPORT/CPE333_OTTER_EXPORT.srcs/constrs_1/imports/OTTER-multicyle-1-cycle-memory/Basys3_constraints-1.xdc:106]
Resolution: If [get_<value>] was used to populate the object, check to make sure this command returns at least one valid object.
WARNING: [Vivado 12-584] No ports matched 'ANODES[3]'. [C:/Users/ethan/Documents/Vivado Projects/CPE333_OTTER_EXPORT/CPE333_OTTER_EXPORT.srcs/constrs_1/imports/OTTER-multicyle-1-cycle-memory/Basys3_constraints-1.xdc:107]
CRITICAL WARNING: [Common 17-55] 'set_property' expects at least one object. [C:/Users/ethan/Documents/Vivado Projects/CPE333_OTTER_EXPORT/CPE333_OTTER_EXPORT.srcs/constrs_1/imports/OTTER-multicyle-1-cycle-memory/Basys3_constraints-1.xdc:107]
Resolution: If [get_<value>] was used to populate the object, check to make sure this command returns at least one valid object.
WARNING: [Vivado 12-584] No ports matched 'BTNC'. [C:/Users/ethan/Documents/Vivado Projects/CPE333_OTTER_EXPORT/CPE333_OTTER_EXPORT.srcs/constrs_1/imports/OTTER-multicyle-1-cycle-memory/Basys3_constraints-1.xdc:111]
CRITICAL WARNING: [Common 17-55] 'set_property' expects at least one object. [C:/Users/ethan/Documents/Vivado Projects/CPE333_OTTER_EXPORT/CPE333_OTTER_EXPORT.srcs/constrs_1/imports/OTTER-multicyle-1-cycle-memory/Basys3_constraints-1.xdc:111]
Resolution: If [get_<value>] was used to populate the object, check to make sure this command returns at least one valid object.
WARNING: [Vivado 12-584] No ports matched 'BTNC'. [C:/Users/ethan/Documents/Vivado Projects/CPE333_OTTER_EXPORT/CPE333_OTTER_EXPORT.srcs/constrs_1/imports/OTTER-multicyle-1-cycle-memory/Basys3_constraints-1.xdc:112]
CRITICAL WARNING: [Common 17-55] 'set_property' expects at least one object. [C:/Users/ethan/Documents/Vivado Projects/CPE333_OTTER_EXPORT/CPE333_OTTER_EXPORT.srcs/constrs_1/imports/OTTER-multicyle-1-cycle-memory/Basys3_constraints-1.xdc:112]
Resolution: If [get_<value>] was used to populate the object, check to make sure this command returns at least one valid object.
WARNING: [Vivado 12-584] No ports matched 'BTNL'. [C:/Users/ethan/Documents/Vivado Projects/CPE333_OTTER_EXPORT/CPE333_OTTER_EXPORT.srcs/constrs_1/imports/OTTER-multicyle-1-cycle-memory/Basys3_constraints-1.xdc:115]
CRITICAL WARNING: [Common 17-55] 'set_property' expects at least one object. [C:/Users/ethan/Documents/Vivado Projects/CPE333_OTTER_EXPORT/CPE333_OTTER_EXPORT.srcs/constrs_1/imports/OTTER-multicyle-1-cycle-memory/Basys3_constraints-1.xdc:115]
Resolution: If [get_<value>] was used to populate the object, check to make sure this command returns at least one valid object.
WARNING: [Vivado 12-584] No ports matched 'BTNL'. [C:/Users/ethan/Documents/Vivado Projects/CPE333_OTTER_EXPORT/CPE333_OTTER_EXPORT.srcs/constrs_1/imports/OTTER-multicyle-1-cycle-memory/Basys3_constraints-1.xdc:116]
CRITICAL WARNING: [Common 17-55] 'set_property' expects at least one object. [C:/Users/ethan/Documents/Vivado Projects/CPE333_OTTER_EXPORT/CPE333_OTTER_EXPORT.srcs/constrs_1/imports/OTTER-multicyle-1-cycle-memory/Basys3_constraints-1.xdc:116]
Resolution: If [get_<value>] was used to populate the object, check to make sure this command returns at least one valid object.
WARNING: [Vivado 12-584] No ports matched 'VGA_RGB[5]'. [C:/Users/ethan/Documents/Vivado Projects/CPE333_OTTER_EXPORT/CPE333_OTTER_EXPORT.srcs/constrs_1/imports/OTTER-multicyle-1-cycle-memory/Basys3_constraints-1.xdc:236]
CRITICAL WARNING: [Common 17-55] 'set_property' expects at least one object. [C:/Users/ethan/Documents/Vivado Projects/CPE333_OTTER_EXPORT/CPE333_OTTER_EXPORT.srcs/constrs_1/imports/OTTER-multicyle-1-cycle-memory/Basys3_constraints-1.xdc:236]
Resolution: If [get_<value>] was used to populate the object, check to make sure this command returns at least one valid object.
WARNING: [Vivado 12-584] No ports matched 'VGA_RGB[5]'. [C:/Users/ethan/Documents/Vivado Projects/CPE333_OTTER_EXPORT/CPE333_OTTER_EXPORT.srcs/constrs_1/imports/OTTER-multicyle-1-cycle-memory/Basys3_constraints-1.xdc:237]
CRITICAL WARNING: [Common 17-55] 'set_property' expects at least one object. [C:/Users/ethan/Documents/Vivado Projects/CPE333_OTTER_EXPORT/CPE333_OTTER_EXPORT.srcs/constrs_1/imports/OTTER-multicyle-1-cycle-memory/Basys3_constraints-1.xdc:237]
Resolution: If [get_<value>] was used to populate the object, check to make sure this command returns at least one valid object.
WARNING: [Vivado 12-584] No ports matched 'VGA_RGB[5]'. [C:/Users/ethan/Documents/Vivado Projects/CPE333_OTTER_EXPORT/CPE333_OTTER_EXPORT.srcs/constrs_1/imports/OTTER-multicyle-1-cycle-memory/Basys3_constraints-1.xdc:238]
CRITICAL WARNING: [Common 17-55] 'set_property' expects at least one object. [C:/Users/ethan/Documents/Vivado Projects/CPE333_OTTER_EXPORT/CPE333_OTTER_EXPORT.srcs/constrs_1/imports/OTTER-multicyle-1-cycle-memory/Basys3_constraints-1.xdc:238]
Resolution: If [get_<value>] was used to populate the object, check to make sure this command returns at least one valid object.
WARNING: [Vivado 12-584] No ports matched 'VGA_RGB[5]'. [C:/Users/ethan/Documents/Vivado Projects/CPE333_OTTER_EXPORT/CPE333_OTTER_EXPORT.srcs/constrs_1/imports/OTTER-multicyle-1-cycle-memory/Basys3_constraints-1.xdc:239]
CRITICAL WARNING: [Common 17-55] 'set_property' expects at least one object. [C:/Users/ethan/Documents/Vivado Projects/CPE333_OTTER_EXPORT/CPE333_OTTER_EXPORT.srcs/constrs_1/imports/OTTER-multicyle-1-cycle-memory/Basys3_constraints-1.xdc:239]
Resolution: If [get_<value>] was used to populate the object, check to make sure this command returns at least one valid object.
WARNING: [Vivado 12-584] No ports matched 'VGA_RGB[6]'. [C:/Users/ethan/Documents/Vivado Projects/CPE333_OTTER_EXPORT/CPE333_OTTER_EXPORT.srcs/constrs_1/imports/OTTER-multicyle-1-cycle-memory/Basys3_constraints-1.xdc:240]
INFO: [Common 17-14] Message 'Vivado 12-584' appears 100 times and further instances of the messages will be disabled. Use the Tcl command set_msg_config to change the current settings. [C:/Users/ethan/Documents/Vivado Projects/CPE333_OTTER_EXPORT/CPE333_OTTER_EXPORT.srcs/constrs_1/imports/OTTER-multicyle-1-cycle-memory/Basys3_constraints-1.xdc:240]
CRITICAL WARNING: [Common 17-55] 'set_property' expects at least one object. [C:/Users/ethan/Documents/Vivado Projects/CPE333_OTTER_EXPORT/CPE333_OTTER_EXPORT.srcs/constrs_1/imports/OTTER-multicyle-1-cycle-memory/Basys3_constraints-1.xdc:240]
Resolution: If [get_<value>] was used to populate the object, check to make sure this command returns at least one valid object.
CRITICAL WARNING: [Common 17-55] 'set_property' expects at least one object. [C:/Users/ethan/Documents/Vivado Projects/CPE333_OTTER_EXPORT/CPE333_OTTER_EXPORT.srcs/constrs_1/imports/OTTER-multicyle-1-cycle-memory/Basys3_constraints-1.xdc:241]
Resolution: If [get_<value>] was used to populate the object, check to make sure this command returns at least one valid object.
INFO: [Common 17-14] Message 'Common 17-55' appears 100 times and further instances of the messages will be disabled. Use the Tcl command set_msg_config to change the current settings. [C:/Users/ethan/Documents/Vivado Projects/CPE333_OTTER_EXPORT/CPE333_OTTER_EXPORT.srcs/constrs_1/imports/OTTER-multicyle-1-cycle-memory/Basys3_constraints-1.xdc:241]
Finished Parsing XDC File [C:/Users/ethan/Documents/Vivado Projects/CPE333_OTTER_EXPORT/CPE333_OTTER_EXPORT.srcs/constrs_1/imports/OTTER-multicyle-1-cycle-memory/Basys3_constraints-1.xdc]
INFO: [Opt 31-138] Pushed 0 inverter(s) to 0 load pin(s).
Netlist sorting complete. Time (s): cpu = 00:00:00 ; elapsed = 00:00:00 . Memory (MB): peak = 943.879 ; gain = 0.000
INFO: [Project 1-111] Unisim Transformation Summary:
No Unisim elements were transformed.

7 Infos, 100 Warnings, 101 Critical Warnings and 0 Errors encountered.
link_design completed successfully
link_design: Time (s): cpu = 00:00:03 ; elapsed = 00:00:05 . Memory (MB): peak = 943.879 ; gain = 520.039
Command: opt_design
Attempting to get a license for feature 'Implementation' and/or device 'xc7a35t'
INFO: [Common 17-349] Got license for feature 'Implementation' and/or device 'xc7a35t'
Running DRC as a precondition to command opt_design

Starting DRC Task
INFO: [DRC 23-27] Running DRC with 2 threads
INFO: [Project 1-461] DRC finished with 0 Errors
INFO: [Project 1-462] Please refer to the DRC report (report_drc) for more information.

Time (s): cpu = 00:00:00 ; elapsed = 00:00:00.758 . Memory (MB): peak = 948.828 ; gain = 4.949

Starting Cache Timing Information Task
INFO: [Timing 38-35] Done setting XDC timing constraints.
Ending Cache Timing Information Task | Checksum: 4b9f2ba5

Time (s): cpu = 00:00:03 ; elapsed = 00:00:07 . Memory (MB): peak = 1420.246 ; gain = 471.418

Starting Logic Optimization Task

Phase 1 Retarget
INFO: [Opt 31-138] Pushed 0 inverter(s) to 0 load pin(s).
INFO: [Opt 31-49] Retargeted 0 cell(s).
Phase 1 Retarget | Checksum: 4b9f2ba5

Time (s): cpu = 00:00:00 ; elapsed = 00:00:00.030 . Memory (MB): peak = 1753.238 ; gain = 0.000
INFO: [Opt 31-389] Phase Retarget created 0 cells and removed 0 cells

Phase 2 Constant propagation
INFO: [Opt 31-138] Pushed 0 inverter(s) to 0 load pin(s).
Phase 2 Constant propagation | Checksum: 4b9f2ba5

Time (s): cpu = 00:00:00 ; elapsed = 00:00:00.031 . Memory (MB): peak = 1753.238 ; gain = 0.000
INFO: [Opt 31-389] Phase Constant propagation created 0 cells and removed 0 cells

Phase 3 Sweep
Phase 3 Sweep | Checksum: 4b9f2ba5

Time (s): cpu = 00:00:00 ; elapsed = 00:00:00.034 . Memory (MB): peak = 1753.238 ; gain = 0.000
INFO: [Opt 31-389] Phase Sweep created 0 cells and removed 0 cells

Phase 4 BUFG optimization
Phase 4 BUFG optimization | Checksum: 4b9f2ba5

Time (s): cpu = 00:00:00 ; elapsed = 00:00:00.065 . Memory (MB): peak = 1753.238 ; gain = 0.000
INFO: [Opt 31-662] Phase BUFG optimization created 0 cells of which 0 are BUFGs and removed 0 cells.

Phase 5 Shift Register Optimization
INFO: [Opt 31-1064] SRL Remap converted 0 SRLs to 0 registers and converted 0 registers of register chains to 0 SRLs
Phase 5 Shift Register Optimization | Checksum: 4b9f2ba5

Time (s): cpu = 00:00:00 ; elapsed = 00:00:00.067 . Memory (MB): peak = 1753.238 ; gain = 0.000
INFO: [Opt 31-389] Phase Shift Register Optimization created 0 cells and removed 0 cells

Phase 6 Post Processing Netlist
Phase 6 Post Processing Netlist | Checksum: 4b9f2ba5

Time (s): cpu = 00:00:00 ; elapsed = 00:00:00.068 . Memory (MB): peak = 1753.238 ; gain = 0.000
INFO: [Opt 31-389] Phase Post Processing Netlist created 0 cells and removed 0 cells
Opt_design Change Summary
=========================


-------------------------------------------------------------------------------------------------------------------------
|  Phase                        |  #Cells created  |  #Cells Removed  |  #Constrained objects preventing optimizations  |
-------------------------------------------------------------------------------------------------------------------------
|  Retarget                     |               0  |               0  |                                              0  |
|  Constant propagation         |               0  |               0  |                                              0  |
|  Sweep                        |               0  |               0  |                                              0  |
|  BUFG optimization            |               0  |               0  |                                              0  |
|  Shift Register Optimization  |               0  |               0  |                                              0  |
|  Post Processing Netlist      |               0  |               0  |                                              0  |
-------------------------------------------------------------------------------------------------------------------------



Starting Connectivity Check Task

Time (s): cpu = 00:00:00 ; elapsed = 00:00:00.001 . Memory (MB): peak = 1753.238 ; gain = 0.000
Ending Logic Optimization Task | Checksum: 4b9f2ba5

Time (s): cpu = 00:00:00 ; elapsed = 00:00:00.070 . Memory (MB): peak = 1753.238 ; gain = 0.000

Starting Power Optimization Task
INFO: [Pwropt 34-132] Skipping clock gating for clocks with a period < 2.00 ns.
Ending Power Optimization Task | Checksum: 4b9f2ba5

Time (s): cpu = 00:00:00 ; elapsed = 00:00:00.030 . Memory (MB): peak = 1753.238 ; gain = 0.000

Starting Final Cleanup Task
Ending Final Cleanup Task | Checksum: 4b9f2ba5

Time (s): cpu = 00:00:00 ; elapsed = 00:00:00 . Memory (MB): peak = 1753.238 ; gain = 0.000

Starting Netlist Obfuscation Task
Netlist sorting complete. Time (s): cpu = 00:00:00 ; elapsed = 00:00:00 . Memory (MB): peak = 1753.238 ; gain = 0.000
Ending Netlist Obfuscation Task | Checksum: 4b9f2ba5

Time (s): cpu = 00:00:00 ; elapsed = 00:00:00 . Memory (MB): peak = 1753.238 ; gain = 0.000
INFO: [Common 17-83] Releasing license: Implementation
24 Infos, 100 Warnings, 101 Critical Warnings and 0 Errors encountered.
opt_design completed successfully
opt_design: Time (s): cpu = 00:00:05 ; elapsed = 00:00:12 . Memory (MB): peak = 1753.238 ; gain = 809.359
INFO: [Timing 38-480] Writing timing data to binary archive.
INFO: [Common 17-1381] The checkpoint 'C:/Users/ethan/Documents/Vivado Projects/CPE333_OTTER_EXPORT/CPE333_OTTER_EXPORT.runs/impl_1/testbench_opt.dcp' has been generated.
INFO: [runtcl-4] Executing : report_drc -file testbench_drc_opted.rpt -pb testbench_drc_opted.pb -rpx testbench_drc_opted.rpx
Command: report_drc -file testbench_drc_opted.rpt -pb testbench_drc_opted.pb -rpx testbench_drc_opted.rpx
INFO: [IP_Flow 19-234] Refreshing IP repositories
INFO: [IP_Flow 19-1704] No user IP repositories specified
INFO: [IP_Flow 19-2313] Loaded Vivado IP repository 'C:/Xilinx/Vivado/2022.2/data/ip'.
INFO: [DRC 23-27] Running DRC with 2 threads
INFO: [Vivado_Tcl 2-168] The results of DRC are in file C:/Users/ethan/Documents/Vivado Projects/CPE333_OTTER_EXPORT/CPE333_OTTER_EXPORT.runs/impl_1/testbench_drc_opted.rpt.
report_drc completed successfully
Command: place_design
Attempting to get a license for feature 'Implementation' and/or device 'xc7a35t'
INFO: [Common 17-349] Got license for feature 'Implementation' and/or device 'xc7a35t'
INFO: [DRC 23-27] Running DRC with 2 threads
INFO: [Vivado_Tcl 4-198] DRC finished with 0 Errors
INFO: [Vivado_Tcl 4-199] Please refer to the DRC report (report_drc) for more information.
Running DRC as a precondition to command place_design
INFO: [DRC 23-27] Running DRC with 2 threads
INFO: [Vivado_Tcl 4-198] DRC finished with 0 Errors
INFO: [Vivado_Tcl 4-199] Please refer to the DRC report (report_drc) for more information.

Starting Placer Task
INFO: [Place 30-611] Multithreading enabled for place_design using a maximum of 2 CPUs

Phase 1 Placer Initialization

Phase 1.1 Placer Initialization Netlist Sorting
Netlist sorting complete. Time (s): cpu = 00:00:00 ; elapsed = 00:00:00 . Memory (MB): peak = 1759.398 ; gain = 0.000
Phase 1.1 Placer Initialization Netlist Sorting | Checksum: 00000000

Time (s): cpu = 00:00:00 ; elapsed = 00:00:00.027 . Memory (MB): peak = 1759.398 ; gain = 0.000
Phase 1 Placer Initialization | Checksum: 00000000

Time (s): cpu = 00:00:00 ; elapsed = 00:00:00.038 . Memory (MB): peak = 1759.398 ; gain = 0.000
ERROR: [Place 30-494] The design is empty
Resolution: Check if opt_design has removed all the leaf cells of your design.  Check whether you have instantiated and connected all of the top level ports.
Ending Placer Task | Checksum: 00000000

Time (s): cpu = 00:00:00 ; elapsed = 00:00:00.040 . Memory (MB): peak = 1759.398 ; gain = 0.000
INFO: [Common 17-83] Releasing license: Implementation
41 Infos, 100 Warnings, 101 Critical Warnings and 2 Errors encountered.
place_design failed
ERROR: [Common 17-69] Command failed: Placer could not place all instances
INFO: [Common 17-206] Exiting Vivado at Fri Feb 17 10:56:56 2023...
